<?xml version="1.0" encoding="UTF-8" ?>
<testsuites>
 <testsuite name="testing todo app" timestamp="2017-09-04T00:25:24" hostname="localhost" time="24.612" errors="0" tests="6" skipped="0" failures="0">
  <testcase classname="testing todo app" name="sends 5 values" time="7.585">
  </testcase>
  <testcase classname="testing todo app" name="clicks the checkbox of all item one by one" time="3.495">
  </testcase>
  <testcase classname="testing todo app" name="deletes the element one by one and checks the count" time="2.742">
  </testcase>
  <testcase classname="testing todo app" name="sends 5 values" time="4.303">
  </testcase>
  <testcase classname="testing todo app" name="clicks the checkbox of all item one by one to get completed" time="3.247">
  </testcase>
  <testcase classname="testing todo app" name="clicks the checkbox of all item one by one to start again " time="3.23">
  </testcase>
 </testsuite>
</testsuites>